<?xml version="1.0" encoding="UTF-8"?>
<!-- Generated by org.testng.reporters.JUnitReportReporter -->
<testsuite hostname="LAPTOP-NFKIMDFC" failures="0" tests="1" name="Adminlogintestcases.Labenquiry" time="11.695" errors="0" timestamp="2023-06-01T18:41:27 IST" skipped="0">
  <testcase classname="Adminlogintestcases.Labenquiry" name="checklabenquiry" time="11.695"/>
  <system-out/>
</testsuite> <!-- Adminlogintestcases.Labenquiry -->
