<?xml version="1.0" encoding="UTF-8"?>
<!-- Generated by org.testng.reporters.JUnitReportReporter -->
<testsuite hostname="LAPTOP-NFKIMDFC" failures="0" tests="1" name="Adminlogintestcases.Curriculumcreate" time="22.489" errors="0" timestamp="2023-06-02T17:35:11 IST" skipped="0">
  <testcase classname="Adminlogintestcases.Curriculumcreate" name="createcurriculum" time="22.489"/>
  <system-out/>
</testsuite> <!-- Adminlogintestcases.Curriculumcreate -->
