<?xml version="1.0" encoding="UTF-8"?>
<!-- Generated by org.testng.reporters.JUnitReportReporter -->
<testsuite hostname="LAPTOP-NFKIMDFC" failures="0" tests="1" name="Adminlogintestcases.Studentcreate" time="9.197" errors="0" timestamp="2023-05-11T12:04:57 IST" skipped="0">
  <testcase classname="Adminlogintestcases.Studentcreate" name="createstudent" time="9.197"/>
  <system-out/>
</testsuite> <!-- Adminlogintestcases.Studentcreate -->
