<?xml version="1.0" encoding="UTF-8"?>
<!-- Generated by org.testng.reporters.JUnitReportReporter -->
<testsuite hostname="LAPTOP-NFKIMDFC" failures="0" tests="1" name="Adminlogintestcases.Materialupload" time="12.203" errors="0" timestamp="2023-05-31T18:48:31 IST" skipped="0">
  <testcase classname="Adminlogintestcases.Materialupload" name="curriculummaterialupload" time="12.203"/>
  <system-out/>
</testsuite> <!-- Adminlogintestcases.Materialupload -->
