<?xml version="1.0" encoding="UTF-8"?>
<!-- Generated by org.testng.reporters.JUnitReportReporter -->
<testsuite hostname="LAPTOP-NFKIMDFC" failures="0" tests="1" name="Adminlogintestcases.Groupcreate" time="8.616" errors="0" timestamp="2023-05-08T19:12:50 IST" skipped="0">
  <testcase classname="Adminlogintestcases.Groupcreate" name="creategroup" time="8.616"/>
  <system-out/>
</testsuite> <!-- Adminlogintestcases.Groupcreate -->
