<?xml version="1.0" encoding="UTF-8"?>
<!-- Generated by org.testng.reporters.JUnitReportReporter -->
<testsuite hostname="LAPTOP-NFKIMDFC" failures="0" tests="1" name="Adminlogintestcases.Facultycreate" time="12.921" errors="0" timestamp="2023-05-10T12:02:07 IST" skipped="0">
  <testcase classname="Adminlogintestcases.Facultycreate" name="createfaculty" time="12.921"/>
  <system-out/>
</testsuite> <!-- Adminlogintestcases.Facultycreate -->
