<?xml version="1.0" encoding="UTF-8"?>
<!-- Generated by org.testng.reporters.JUnitReportReporter -->
<testsuite hostname="LAPTOP-NFKIMDFC" failures="0" tests="1" name="Adminlogintestcases.Assigncurriculum" time="10.289" errors="0" timestamp="2023-06-02T17:35:51 IST" skipped="0">
  <testcase classname="Adminlogintestcases.Assigncurriculum" name="curriculumassign" time="10.289"/>
  <system-out/>
</testsuite> <!-- Adminlogintestcases.Assigncurriculum -->
