<?xml version="1.0" encoding="UTF-8"?>
<!-- Generated by org.testng.reporters.JUnitReportReporter -->
<testsuite hostname="LAPTOP-NFKIMDFC" failures="0" tests="1" name="Adminlogintestcases.Deletecurriculum" time="8.872" errors="0" timestamp="2023-05-29T18:51:49 IST" skipped="0">
  <testcase classname="Adminlogintestcases.Deletecurriculum" name="curriculumdelete" time="8.872"/>
  <system-out/>
</testsuite> <!-- Adminlogintestcases.Deletecurriculum -->
