<?xml version="1.0" encoding="UTF-8"?>
<!-- Generated by org.testng.reporters.JUnitReportReporter -->
<testsuite hostname="LAPTOP-NFKIMDFC" failures="0" tests="1" name="Adminlogintestcases.Gradesettingsdelete" time="10.444" errors="0" timestamp="2023-05-08T19:14:49 IST" skipped="0">
  <testcase classname="Adminlogintestcases.Gradesettingsdelete" name="deletegradesettings" time="10.444"/>
  <system-out/>
</testsuite> <!-- Adminlogintestcases.Gradesettingsdelete -->
