<?xml version="1.0" encoding="UTF-8"?>
<!-- Generated by org.testng.reporters.JUnitReportReporter -->
<testsuite hostname="LAPTOP-NFKIMDFC" failures="0" tests="1" name="Adminlogintestcases.Learningpath" time="12.452" errors="0" timestamp="2023-05-29T18:51:49 IST" skipped="0">
  <testcase classname="Adminlogintestcases.Learningpath" name="curriculumlearningpath" time="12.452"/>
  <system-out/>
</testsuite> <!-- Adminlogintestcases.Learningpath -->
