<?xml version="1.0" encoding="UTF-8"?>
<!-- Generated by org.testng.reporters.JUnitReportReporter -->
<testsuite hostname="LAPTOP-NFKIMDFC" failures="0" tests="1" name="studentlogintestcases.Alllabs" time="12.547" errors="0" timestamp="2023-05-10T15:48:25 IST" skipped="0">
  <testcase classname="studentlogintestcases.Alllabs" name="checkalllabs" time="12.547"/>
  <system-out/>
</testsuite> <!-- studentlogintestcases.Alllabs -->
