<?xml version="1.0" encoding="UTF-8"?>
<!-- Generated by org.testng.reporters.JUnitReportReporter -->
<testsuite hostname="LAPTOP-NFKIMDFC" failures="0" tests="1" name="Adminlogintestcases.Groupdelete" time="14.577" errors="0" timestamp="2023-05-08T19:13:23 IST" skipped="0">
  <testcase classname="Adminlogintestcases.Groupdelete" name="deletegroup" time="14.577"/>
  <system-out/>
</testsuite> <!-- Adminlogintestcases.Groupdelete -->
