<?xml version="1.0" encoding="UTF-8"?>
<!-- Generated by org.testng.reporters.JUnitReportReporter -->
<testsuite hostname="LAPTOP-NFKIMDFC" failures="0" tests="1" name="Adminlogintestcases.Studentcreate" time="8.952" errors="0" timestamp="2023-06-06T11:58:07 IST" skipped="0">
  <testcase classname="Adminlogintestcases.Studentcreate" name="createstudent" time="8.952"/>
  <system-out/>
</testsuite> <!-- Adminlogintestcases.Studentcreate -->
