<?xml version="1.0" encoding="UTF-8"?>
<!-- Generated by org.testng.reporters.JUnitReportReporter -->
<testsuite hostname="LAPTOP-NFKIMDFC" failures="0" tests="1" name="studentlogintestcases.Scorecardcreate" time="16.828" errors="0" timestamp="2023-05-08T19:09:57 IST" skipped="0">
  <testcase classname="studentlogintestcases.Scorecardcreate" name="scorecardupload" time="16.828"/>
  <system-out/>
</testsuite> <!-- studentlogintestcases.Scorecardcreate -->
