<?xml version="1.0" encoding="UTF-8"?>
<!-- Generated by org.testng.reporters.JUnitReportReporter -->
<testsuite hostname="LAPTOP-NFKIMDFC" failures="0" tests="1" name="Adminlogintestcases.Gradesettingscreate" time="10.755" errors="0" timestamp="2023-05-08T19:14:20 IST" skipped="0">
  <testcase classname="Adminlogintestcases.Gradesettingscreate" name="creategradesettings" time="10.755"/>
  <system-out/>
</testsuite> <!-- Adminlogintestcases.Gradesettingscreate -->
