<?xml version="1.0" encoding="UTF-8"?>
<!-- Generated by org.testng.reporters.JUnitReportReporter -->
<testsuite hostname="LAPTOP-NFKIMDFC" failures="0" tests="1" name="Adminlogintestcases.Labenquiry" time="7.581" errors="0" timestamp="2023-05-26T18:50:01 IST" skipped="0">
  <testcase classname="Adminlogintestcases.Labenquiry" name="checklabenquiry" time="7.581"/>
  <system-out/>
</testsuite> <!-- Adminlogintestcases.Labenquiry -->
