<?xml version="1.0" encoding="UTF-8"?>
<!-- Generated by org.testng.reporters.JUnitReportReporter -->
<testsuite hostname="LAPTOP-NFKIMDFC" failures="0" tests="1" name="studentlogintestcases.Supportnewticket" time="18.267" errors="0" timestamp="2023-05-10T16:13:01 IST" skipped="0">
  <testcase classname="studentlogintestcases.Supportnewticket" name="supportcreateticket" time="18.267"/>
  <system-out/>
</testsuite> <!-- studentlogintestcases.Supportnewticket -->
