<?xml version="1.0" encoding="UTF-8"?>
<!-- Generated by org.testng.reporters.JUnitReportReporter -->
<testsuite hostname="LAPTOP-NFKIMDFC" failures="0" tests="1" name="Adminlogintestcases.Materialupload" time="12.150" errors="0" timestamp="2023-05-29T18:51:49 IST" skipped="0">
  <testcase classname="Adminlogintestcases.Materialupload" name="curriculummaterialupload" time="12.150"/>
  <system-out/>
</testsuite> <!-- Adminlogintestcases.Materialupload -->
