<?xml version="1.0" encoding="UTF-8"?>
<!-- Generated by org.testng.reporters.JUnitReportReporter -->
<testsuite hostname="LAPTOP-NFKIMDFC" failures="0" tests="1" name="Adminlogintestcases.Studentdelete" time="9.691" errors="0" timestamp="2023-05-11T12:05:26 IST" skipped="0">
  <testcase classname="Adminlogintestcases.Studentdelete" name="deletestudent" time="9.691"/>
  <system-out/>
</testsuite> <!-- Adminlogintestcases.Studentdelete -->
